SF:./config/environment.rb
DA:2,1
DA:5,1
end_of_record
SF:./config/environments/development.rb
DA:1,1
DA:7,1
DA:10,1
DA:13,1
DA:17,1
DA:18,0
DA:20,0
DA:21,0
DA:25,1
DA:27,1
DA:31,1
DA:34,1
DA:36,1
DA:39,1
DA:42,1
DA:45,1
DA:50,1
DA:53,1
end_of_record
SF:./config/initializers/application_controller_renderer.rb

end_of_record
SF:./config/initializers/assets.rb
DA:4,1
DA:9,1
end_of_record
SF:./config/initializers/backtrace_silencers.rb

end_of_record
SF:./config/initializers/content_security_policy.rb

end_of_record
SF:./config/initializers/cookies_serializer.rb
DA:5,1
end_of_record
SF:./config/initializers/filter_parameter_logging.rb
DA:4,1
end_of_record
SF:./config/initializers/inflections.rb

end_of_record
SF:./config/initializers/mime_types.rb

end_of_record
SF:./config/initializers/wrap_parameters.rb
DA:7,1
DA:8,0
end_of_record
SF:./config/routes.rb
DA:1,1
DA:2,1
DA:3,1
DA:4,1
DA:5,1
DA:6,1
DA:7,1
DA:8,1
end_of_record
